<?xml version="1.0" encoding="UTF-8"?>
<coverage generated="1757186406204" clover="3.2.0">
  <project timestamp="1757186406204" name="All files">
    <metrics statements="24" coveredstatements="24" conditionals="23" coveredconditionals="23" methods="7" coveredmethods="7" elements="54" coveredelements="54" complexity="0" loc="24" ncloc="24" packages="1" files="1" classes="1"/>
    <file name="practice.js" path="/home/david/Odin-Project-2/odin-jest-practice/practice.js">
      <metrics statements="24" coveredstatements="24" conditionals="23" coveredconditionals="23" methods="7" coveredmethods="7"/>
      <line num="2" count="9" type="cond" truecount="2" falsecount="0"/>
      <line num="3" count="7" type="stmt"/>
      <line num="4" count="7" type="stmt"/>
      <line num="5" count="7" type="stmt"/>
      <line num="7" count="9" type="stmt"/>
      <line num="11" count="7" type="stmt"/>
      <line num="13" count="7" type="stmt"/>
      <line num="14" count="7" type="stmt"/>
      <line num="15" count="26" type="stmt"/>
      <line num="18" count="7" type="stmt"/>
      <line num="23" count="6" type="cond" truecount="4" falsecount="0"/>
      <line num="24" count="4" type="stmt"/>
      <line num="26" count="2" type="stmt"/>
      <line num="31" count="6" type="cond" truecount="4" falsecount="0"/>
      <line num="32" count="4" type="stmt"/>
      <line num="34" count="2" type="stmt"/>
      <line num="39" count="8" type="cond" truecount="5" falsecount="0"/>
      <line num="40" count="5" type="stmt"/>
      <line num="41" count="3" type="cond" truecount="2" falsecount="0"/>
      <line num="42" count="1" type="stmt"/>
      <line num="44" count="2" type="stmt"/>
      <line num="49" count="8" type="cond" truecount="4" falsecount="0"/>
      <line num="50" count="6" type="stmt"/>
      <line num="52" count="2" type="stmt"/>
    </file>
  </project>
</coverage>
