<?xml version="1.0" encoding="UTF-8"?>
<coverage generated="1757146643701" clover="3.2.0">
  <project timestamp="1757146643701" name="All files">
    <metrics statements="5" coveredstatements="5" conditionals="3" coveredconditionals="3" methods="1" coveredmethods="1" elements="9" coveredelements="9" complexity="0" loc="5" ncloc="5" packages="1" files="1" classes="1"/>
    <file name="practice.js" path="/home/david/Odin-Project-2/odin-jest-practice/practice.js">
      <metrics statements="5" coveredstatements="5" conditionals="3" coveredconditionals="3" methods="1" coveredmethods="1"/>
      <line num="2" count="9" type="cond" truecount="2" falsecount="0"/>
      <line num="3" count="7" type="stmt"/>
      <line num="4" count="7" type="stmt"/>
      <line num="5" count="7" type="stmt"/>
      <line num="7" count="9" type="stmt"/>
    </file>
  </project>
</coverage>
