{"/home/david/Odin-Project-2/odin-jest-practice/practice.js": {"path":"/home/david/Odin-Project-2/odin-jest-practice/practice.js","statementMap":{"0":{"start":{"line":2,"column":2},"end":{"line":6,"column":3}},"1":{"start":{"line":3,"column":4},"end":{"line":3,"column":26}},"2":{"start":{"line":4,"column":4},"end":{"line":4,"column":36}},"3":{"start":{"line":5,"column":4},"end":{"line":5,"column":25}},"4":{"start":{"line":7,"column":2},"end":{"line":7,"column":14}},"5":{"start":{"line":11,"column":21},"end":{"line":11,"column":23}},"6":{"start":{"line":13,"column":2},"end":{"line":13,"column":24}},"7":{"start":{"line":14,"column":2},"end":{"line":16,"column":5}},"8":{"start":{"line":15,"column":4},"end":{"line":15,"column":33}},"9":{"start":{"line":18,"column":2},"end":{"line":18,"column":31}},"10":{"start":{"line":23,"column":4},"end":{"line":27,"column":5}},"11":{"start":{"line":24,"column":6},"end":{"line":24,"column":51}},"12":{"start":{"line":26,"column":6},"end":{"line":26,"column":55}},"13":{"start":{"line":31,"column":4},"end":{"line":35,"column":5}},"14":{"start":{"line":32,"column":6},"end":{"line":32,"column":51}},"15":{"start":{"line":34,"column":6},"end":{"line":34,"column":59}},"16":{"start":{"line":39,"column":4},"end":{"line":45,"column":5}},"17":{"start":{"line":40,"column":6},"end":{"line":40,"column":51}},"18":{"start":{"line":41,"column":11},"end":{"line":45,"column":5}},"19":{"start":{"line":42,"column":6},"end":{"line":42,"column":46}},"20":{"start":{"line":44,"column":6},"end":{"line":44,"column":57}},"21":{"start":{"line":49,"column":4},"end":{"line":53,"column":5}},"22":{"start":{"line":50,"column":6},"end":{"line":50,"column":51}},"23":{"start":{"line":52,"column":6},"end":{"line":52,"column":59}}},"fnMap":{"0":{"name":"capitalize","decl":{"start":{"line":1,"column":16},"end":{"line":1,"column":26}},"loc":{"start":{"line":1,"column":38},"end":{"line":8,"column":1}},"line":1},"1":{"name":"reverseString","decl":{"start":{"line":10,"column":16},"end":{"line":10,"column":29}},"loc":{"start":{"line":10,"column":41},"end":{"line":19,"column":1}},"line":10},"2":{"name":"(anonymous_2)","decl":{"start":{"line":14,"column":15},"end":{"line":14,"column":16}},"loc":{"start":{"line":14,"column":27},"end":{"line":16,"column":3}},"line":14},"3":{"name":"(anonymous_3)","decl":{"start":{"line":22,"column":2},"end":{"line":22,"column":3}},"loc":{"start":{"line":22,"column":25},"end":{"line":28,"column":3}},"line":22},"4":{"name":"(anonymous_4)","decl":{"start":{"line":30,"column":2},"end":{"line":30,"column":3}},"loc":{"start":{"line":30,"column":30},"end":{"line":36,"column":3}},"line":30},"5":{"name":"(anonymous_5)","decl":{"start":{"line":38,"column":2},"end":{"line":38,"column":3}},"loc":{"start":{"line":38,"column":28},"end":{"line":46,"column":3}},"line":38},"6":{"name":"(anonymous_6)","decl":{"start":{"line":48,"column":2},"end":{"line":48,"column":3}},"loc":{"start":{"line":48,"column":30},"end":{"line":54,"column":3}},"line":48}},"branchMap":{"0":{"loc":{"start":{"line":1,"column":27},"end":{"line":1,"column":36}},"type":"default-arg","locations":[{"start":{"line":1,"column":34},"end":{"line":1,"column":36}}],"line":1},"1":{"loc":{"start":{"line":2,"column":2},"end":{"line":6,"column":3}},"type":"if","locations":[{"start":{"line":2,"column":2},"end":{"line":6,"column":3}},{"start":{},"end":{}}],"line":2},"2":{"loc":{"start":{"line":10,"column":30},"end":{"line":10,"column":39}},"type":"default-arg","locations":[{"start":{"line":10,"column":37},"end":{"line":10,"column":39}}],"line":10},"3":{"loc":{"start":{"line":23,"column":4},"end":{"line":27,"column":5}},"type":"if","locations":[{"start":{"line":23,"column":4},"end":{"line":27,"column":5}},{"start":{"line":25,"column":11},"end":{"line":27,"column":5}}],"line":23},"4":{"loc":{"start":{"line":23,"column":7},"end":{"line":23,"column":57}},"type":"binary-expr","locations":[{"start":{"line":23,"column":7},"end":{"line":23,"column":30}},{"start":{"line":23,"column":34},"end":{"line":23,"column":57}}],"line":23},"5":{"loc":{"start":{"line":31,"column":4},"end":{"line":35,"column":5}},"type":"if","locations":[{"start":{"line":31,"column":4},"end":{"line":35,"column":5}},{"start":{"line":33,"column":11},"end":{"line":35,"column":5}}],"line":31},"6":{"loc":{"start":{"line":31,"column":7},"end":{"line":31,"column":57}},"type":"binary-expr","locations":[{"start":{"line":31,"column":7},"end":{"line":31,"column":30}},{"start":{"line":31,"column":34},"end":{"line":31,"column":57}}],"line":31},"7":{"loc":{"start":{"line":39,"column":4},"end":{"line":45,"column":5}},"type":"if","locations":[{"start":{"line":39,"column":4},"end":{"line":45,"column":5}},{"start":{"line":41,"column":11},"end":{"line":45,"column":5}}],"line":39},"8":{"loc":{"start":{"line":39,"column":7},"end":{"line":39,"column":71}},"type":"binary-expr","locations":[{"start":{"line":39,"column":7},"end":{"line":39,"column":30}},{"start":{"line":39,"column":34},"end":{"line":39,"column":57}},{"start":{"line":39,"column":61},"end":{"line":39,"column":71}}],"line":39},"9":{"loc":{"start":{"line":41,"column":11},"end":{"line":45,"column":5}},"type":"if","locations":[{"start":{"line":41,"column":11},"end":{"line":45,"column":5}},{"start":{"line":43,"column":11},"end":{"line":45,"column":5}}],"line":41},"10":{"loc":{"start":{"line":49,"column":4},"end":{"line":53,"column":5}},"type":"if","locations":[{"start":{"line":49,"column":4},"end":{"line":53,"column":5}},{"start":{"line":51,"column":11},"end":{"line":53,"column":5}}],"line":49},"11":{"loc":{"start":{"line":49,"column":7},"end":{"line":49,"column":57}},"type":"binary-expr","locations":[{"start":{"line":49,"column":7},"end":{"line":49,"column":30}},{"start":{"line":49,"column":34},"end":{"line":49,"column":57}}],"line":49}},"s":{"0":9,"1":7,"2":7,"3":7,"4":9,"5":7,"6":7,"7":7,"8":26,"9":7,"10":6,"11":4,"12":2,"13":6,"14":4,"15":2,"16":8,"17":5,"18":3,"19":1,"20":2,"21":8,"22":6,"23":2},"f":{"0":9,"1":7,"2":26,"3":6,"4":6,"5":8,"6":8},"b":{"0":[1],"1":[7,2],"2":[1],"3":[4,2],"4":[6,5],"5":[4,2],"6":[6,5],"7":[5,3],"8":[8,7,6],"9":[1,2],"10":[6,2],"11":[8,7]},"_coverageSchema":"1a1c01bbd47fc00a2c39e90264f33305004495a9","hash":"1ce71d902568c3bfb1547b7ba3f678b370e20be6"}
}
