TN:
SF:practice.js
FN:1,capitalize
FN:10,reverseString
FN:14,(anonymous_2)
FN:22,(anonymous_3)
FN:30,(anonymous_4)
FN:38,(anonymous_5)
FN:48,(anonymous_6)
FNF:7
FNH:7
FNDA:9,capitalize
FNDA:7,reverseString
FNDA:26,(anonymous_2)
FNDA:6,(anonymous_3)
FNDA:6,(anonymous_4)
FNDA:8,(anonymous_5)
FNDA:8,(anonymous_6)
DA:2,9
DA:3,7
DA:4,7
DA:5,7
DA:7,9
DA:11,7
DA:13,7
DA:14,7
DA:15,26
DA:18,7
DA:23,6
DA:24,4
DA:26,2
DA:31,6
DA:32,4
DA:34,2
DA:39,8
DA:40,5
DA:41,3
DA:42,1
DA:44,2
DA:49,8
DA:50,6
DA:52,2
LF:24
LH:24
BRDA:1,0,0,1
BRDA:2,1,0,7
BRDA:2,1,1,2
BRDA:10,2,0,1
BRDA:23,3,0,4
BRDA:23,3,1,2
BRDA:23,4,0,6
BRDA:23,4,1,5
BRDA:31,5,0,4
BRDA:31,5,1,2
BRDA:31,6,0,6
BRDA:31,6,1,5
BRDA:39,7,0,5
BRDA:39,7,1,3
BRDA:39,8,0,8
BRDA:39,8,1,7
BRDA:39,8,2,6
BRDA:41,9,0,1
BRDA:41,9,1,2
BRDA:49,10,0,6
BRDA:49,10,1,2
BRDA:49,11,0,8
BRDA:49,11,1,7
BRF:23
BRH:23
end_of_record
